<?xml version="1.0" encoding="UTF-8"?>
<!-- Generated by org.testng.reporters.JUnitXMLReporter -->
<testsuite hostname="HIBACL131408" ignored="0" name="test-2" tests="1" failures="0" timestamp="04 Feb 2021 11:16:23 GMT" time="121.252" errors="0">
  <testcase name="navigateToHomePage" time="105.129" classname="com.orangeHRM.test.OrangeHRM_Navigate"/>
</testsuite> <!-- test-2 -->
