<?xml version="1.0" encoding="UTF-8"?>
<!-- Generated by org.testng.reporters.JUnitXMLReporter -->
<testsuite hostname="HIBACL131408" ignored="0" name="test-4" tests="9" failures="0" timestamp="04 Feb 2021 11:19:33 GMT" time="111.871" errors="0">
  <testcase name="urlTest" time="7.699" classname="com.orangeHRM.test.OrangeHRM_AddEmployee"/>
  <testcase name="addEmployeesExel" time="17.926" classname="com.orangeHRM.test.OrangeHRM_AddEmployee"/>
  <testcase name="addEmployeesExel" time="16.688" classname="com.orangeHRM.test.OrangeHRM_AddEmployee"/>
  <testcase name="addEmployeesExel" time="17.194" classname="com.orangeHRM.test.OrangeHRM_AddEmployee"/>
  <testcase name="deleteEmployeesExel" time="11.551" classname="com.orangeHRM.test.OrangeHRM_AddEmployee"/>
  <testcase name="deleteEmployeesExel" time="11.961" classname="com.orangeHRM.test.OrangeHRM_AddEmployee"/>
  <testcase name="deleteEmployeesExel" time="12.011" classname="com.orangeHRM.test.OrangeHRM_AddEmployee"/>
  <testcase name="addEmployeesDataBase" time="0.0" classname="com.orangeHRM.test.OrangeHRM_AddEmployee">
    <skipped/>
  </testcase> <!-- addEmployeesDataBase -->
  <testcase name="deleteEmployeesDataBase" time="0.0" classname="com.orangeHRM.test.OrangeHRM_AddEmployee">
    <skipped/>
  </testcase> <!-- deleteEmployeesDataBase -->
</testsuite> <!-- test-4 -->
