<?xml version="1.0" encoding="UTF-8"?>
<!-- Generated by org.testng.reporters.JUnitXMLReporter -->
<testsuite hostname="HIBACL131408" ignored="0" name="test-1" tests="3" failures="0" timestamp="04 Feb 2021 11:14:22 GMT" time="38.78" errors="0">
  <testcase name="logoTest" time="4.95" classname="com.orangeHRM.test.OrangeHRM_Login"/>
  <testcase name="urlTest" time="11.807" classname="com.orangeHRM.test.OrangeHRM_Login"/>
  <testcase name="textTest" time="8.957" classname="com.orangeHRM.test.OrangeHRM_Login"/>
</testsuite> <!-- test-1 -->
