<?xml version="1.0" encoding="UTF-8"?>
<!-- Generated by org.testng.reporters.JUnitXMLReporter -->
<testsuite hostname="HIBACL131408" ignored="0" name="test-3" tests="4" failures="0" timestamp="04 Feb 2021 11:17:41 GMT" time="78.177" errors="0">
  <testcase name="urlTest" time="7.874" classname="com.orangeHRM.test.OrangeHRM_AddUser"/>
  <testcase name="addUser" time="18.549" classname="com.orangeHRM.test.OrangeHRM_AddUser"/>
  <testcase name="addUser" time="17.873" classname="com.orangeHRM.test.OrangeHRM_AddUser"/>
  <testcase name="addUser" time="17.785" classname="com.orangeHRM.test.OrangeHRM_AddUser"/>
</testsuite> <!-- test-3 -->
