<?xml version="1.0" encoding="UTF-8"?>
<!-- Generated by org.testng.reporters.JUnitReportReporter -->
<testsuite name="com.orangeHRM.test.OrangeHRM_Login" tests="3" time="25.723" ignored="0" failures="0" timestamp="04 Feb 2021 11:19:33 GMT" skipped="0" hostname="HIBACL131408" errors="0">
  <testcase name="urlTest" time="11.816" classname="com.orangeHRM.test.OrangeHRM_Login"/>
  <testcase name="logoTest" time="4.950" classname="com.orangeHRM.test.OrangeHRM_Login"/>
  <testcase name="textTest" time="8.957" classname="com.orangeHRM.test.OrangeHRM_Login"/>
</testsuite> <!-- com.orangeHRM.test.OrangeHRM_Login -->
