<?xml version="1.0" encoding="UTF-8"?>
<!-- Generated by org.testng.reporters.JUnitReportReporter -->
<testsuite name="com.orangeHRM.test.OrangeHRM_Navigate" tests="1" time="105.129" ignored="0" failures="0" timestamp="04 Feb 2021 11:19:33 GMT" skipped="0" hostname="HIBACL131408" errors="0">
  <testcase name="navigateToHomePage" time="105.129" classname="com.orangeHRM.test.OrangeHRM_Navigate"/>
</testsuite> <!-- com.orangeHRM.test.OrangeHRM_Navigate -->
