<?xml version="1.0" encoding="UTF-8"?>
<!-- Generated by org.testng.reporters.JUnitReportReporter -->
<testsuite skipped="0" hostname="HININL135247" name="com.orangeHRN.test.OrangeHRM_Navigate" tests="11" failures="0" timestamp="09 дек 2020 12:21:35 GMT" time="24.369" errors="0">
  <testcase name="clickOnAdminTab" time="2.040" classname="com.orangeHRN.test.OrangeHRM_Navigate"/>
  <testcase name="clickOnPIMTab" time="1.933" classname="com.orangeHRN.test.OrangeHRM_Navigate"/>
  <testcase name="clickOnLeaveTab" time="2.429" classname="com.orangeHRN.test.OrangeHRM_Navigate"/>
  <testcase name="clickOnTimeTab" time="1.825" classname="com.orangeHRN.test.OrangeHRM_Navigate"/>
  <testcase name="clickOnRecruitmentTab" time="2.035" classname="com.orangeHRN.test.OrangeHRM_Navigate"/>
  <testcase name="clickOnDetailsTab" time="1.932" classname="com.orangeHRN.test.OrangeHRM_Navigate"/>
  <testcase name="clickOnPerformanceTab" time="1.079" classname="com.orangeHRN.test.OrangeHRM_Navigate"/>
  <testcase name="clickOnDashboardTab" time="1.470" classname="com.orangeHRN.test.OrangeHRM_Navigate"/>
  <testcase name="clickOnDirectoryTab" time="3.383" classname="com.orangeHRN.test.OrangeHRM_Navigate"/>
  <testcase name="clickOnMaintenanceTab" time="1.569" classname="com.orangeHRN.test.OrangeHRM_Navigate"/>
  <testcase name="clickOnBuzzTab" time="4.674" classname="com.orangeHRN.test.OrangeHRM_Navigate"/>
</testsuite> <!-- com.orangeHRN.test.OrangeHRM_Navigate -->
