<?xml version="1.0" encoding="UTF-8"?>
<!-- Generated by org.testng.reporters.JUnitReportReporter -->
<testsuite name="com.orangeHRM.test.OrangeHRM_AddUser" tests="4" time="62.083" ignored="0" failures="0" timestamp="04 Feb 2021 11:19:33 GMT" skipped="0" hostname="HIBACL131408" errors="0">
  <testcase name="addUser" time="17.874" classname="com.orangeHRM.test.OrangeHRM_AddUser"/>
  <testcase name="addUser" time="18.550" classname="com.orangeHRM.test.OrangeHRM_AddUser"/>
  <testcase name="addUser" time="17.785" classname="com.orangeHRM.test.OrangeHRM_AddUser"/>
  <testcase name="urlTest" time="7.874" classname="com.orangeHRM.test.OrangeHRM_AddUser"/>
</testsuite> <!-- com.orangeHRM.test.OrangeHRM_AddUser -->
