<?xml version="1.0" encoding="UTF-8"?>
<!-- Generated by org.testng.reporters.JUnitReportReporter -->
<testsuite skipped="0" hostname="HININL135247" name="com.orangeHRN.test.OrangeHRM_Login" tests="3" failures="0" timestamp="09 дек 2020 12:21:35 GMT" time="21.437" errors="0">
  <testcase name="logoTest" time="4.403" classname="com.orangeHRN.test.OrangeHRM_Login"/>
  <testcase name="urlTest" time="8.894" classname="com.orangeHRN.test.OrangeHRM_Login"/>
  <testcase name="textTest" time="8.140" classname="com.orangeHRN.test.OrangeHRM_Login"/>
</testsuite> <!-- com.orangeHRN.test.OrangeHRM_Login -->
