<?xml version="1.0" encoding="UTF-8"?>
<!-- Generated by org.testng.reporters.JUnitReportReporter -->
<testsuite name="com.orangeHRM.test.OrangeHRM_AddEmployee" tests="9" time="95.034" ignored="0" failures="0" timestamp="04 Feb 2021 11:19:33 GMT" skipped="2" hostname="HIBACL131408" errors="0">
  <testcase name="addEmployeesExel" time="17.927" classname="com.orangeHRM.test.OrangeHRM_AddEmployee"/>
  <testcase name="deleteEmployeesDataBase" time="0.001" classname="com.orangeHRM.test.OrangeHRM_AddEmployee">
    <skipped/>
  </testcase> <!-- deleteEmployeesDataBase -->
  <testcase name="addEmployeesExel" time="17.194" classname="com.orangeHRM.test.OrangeHRM_AddEmployee"/>
  <testcase name="deleteEmployeesExel" time="11.551" classname="com.orangeHRM.test.OrangeHRM_AddEmployee"/>
  <testcase name="addEmployeesExel" time="16.688" classname="com.orangeHRM.test.OrangeHRM_AddEmployee"/>
  <testcase name="addEmployeesDataBase" time="0.001" classname="com.orangeHRM.test.OrangeHRM_AddEmployee">
    <skipped/>
  </testcase> <!-- addEmployeesDataBase -->
  <testcase name="deleteEmployeesExel" time="12.012" classname="com.orangeHRM.test.OrangeHRM_AddEmployee"/>
  <testcase name="urlTest" time="7.699" classname="com.orangeHRM.test.OrangeHRM_AddEmployee"/>
  <testcase name="deleteEmployeesExel" time="11.961" classname="com.orangeHRM.test.OrangeHRM_AddEmployee"/>
</testsuite> <!-- com.orangeHRM.test.OrangeHRM_AddEmployee -->
